23:12:06 **** Incremental Build of configuration Release for project quadcopter ****
make all 
Building file: ../dev/src/servo/servo.c
Invoking: AVR Compiler
avr-gcc -I"/home/allan_amorim/workspace_lenticia/quadcopter_lenticia/quadcopter/dev/include" -Wall -Os -fpack-struct -fshort-enums -ffunction-sections -fdata-sections -std=gnu99 -funsigned-char -funsigned-bitfields -mmcu=atmega2560 -DF_CPU=16000000UL -MMD -MP -MF"dev/src/servo/servo.d" -MT"dev/src/servo/servo.d" -c -o "dev/src/servo/servo.o" "../dev/src/servo/servo.c"
Finished building: ../dev/src/servo/servo.c
 
Building file: ../dev/src/motor/motor.c
Invoking: AVR Compiler
avr-gcc -I"/home/allan_amorim/workspace_lenticia/quadcopter_lenticia/quadcopter/dev/include" -Wall -Os -fpack-struct -fshort-enums -ffunction-sections -fdata-sections -std=gnu99 -funsigned-char -funsigned-bitfields -mmcu=atmega2560 -DF_CPU=16000000UL -MMD -MP -MF"dev/src/motor/motor.d" -MT"dev/src/motor/motor.d" -c -o "dev/src/motor/motor.o" "../dev/src/motor/motor.c"
Finished building: ../dev/src/motor/motor.c
 
Building file: ../dev/src/hal/pwm.c
Invoking: AVR Compiler
avr-gcc -I"/home/allan_amorim/workspace_lenticia/quadcopter_lenticia/quadcopter/dev/include" -Wall -Os -fpack-struct -fshort-enums -ffunction-sections -fdata-sections -std=gnu99 -funsigned-char -funsigned-bitfields -mmcu=atmega2560 -DF_CPU=16000000UL -MMD -MP -MF"dev/src/hal/pwm.d" -MT"dev/src/hal/pwm.d" -c -o "dev/src/hal/pwm.o" "../dev/src/hal/pwm.c"
Finished building: ../dev/src/hal/pwm.c
 
Building target: quadcopter.elf
Invoking: AVR C Linker
avr-gcc -Wl,-Map,quadcopter.map -mmcu=atmega2560 -o "quadcopter.elf"  ./dev/src/servo/servo.o  ./dev/src/quad/main.o  ./dev/src/motor/motor.o  ./dev/src/hal/accelerometer.o ./dev/src/hal/gyro.o ./dev/src/hal/i2c.o ./dev/src/hal/input.o ./dev/src/hal/kalman.o ./dev/src/hal/pwm.o ./dev/src/hal/time.o ./dev/src/hal/timer.o ./dev/src/hal/uart.o ./dev/src/hal/wiring.o   
Finished building target: quadcopter.elf
 
Invoking: AVR Create Extended Listing
avr-objdump -h -S quadcopter.elf  >"quadcopter.lss"
Finished building: quadcopter.lss
 
Create Flash image (ihex format)
avr-objcopy -R .eeprom -R .fuse -R .lock -R .signature -O ihex quadcopter.elf  "quadcopter.hex"
Finished building: quadcopter.hex
 
Create eeprom image (ihex format)
avr-objcopy -j .eeprom --no-change-warnings --change-section-lma .eeprom=0 -O ihex quadcopter.elf  "quadcopter.eep"
Finished building: quadcopter.eep
 
Invoking: Print Size
avr-size --format=avr --mcu=atmega2560 quadcopter.elf
AVR Memory Usage
----------------
Device: atmega2560

Program:    6188 bytes (2.4% Full)
(.text + .data + .bootloader)

Data:        385 bytes (4.7% Full)
(.data + .bss + .noinit)


Finished building: sizedummy
 
